<?xml version="1.0" encoding="UTF-8"?>
<testsuite name="com.example.BookInventoryTest" tests="4" skipped="0" failures="0" errors="0" timestamp="2025-08-25T09:22:56" hostname="linux" time="0.025">
  <properties/>
  <testcase name="remove by isbn()" classname="com.example.BookInventoryTest" time="0.012"/>
  <testcase name="find by author case-insensitive()" classname="com.example.BookInventoryTest" time="0.009"/>
  <testcase name="adding a book increases count()" classname="com.example.BookInventoryTest" time="0.001"/>
  <testcase name="isbn must be unique()" classname="com.example.BookInventoryTest" time="0.001"/>
  <system-out><![CDATA[]]></system-out>
  <system-err><![CDATA[]]></system-err>
</testsuite>
